d:\digipensem1\cs 529\ge\arn\final\game engine - 1 - application startup\game engine\debug\vc141.pdb
d:\digipensem1\cs 529\ge\arn\final\game engine - 1 - application startup\game engine\debug\vc141.idb
d:\digipensem1\cs 529\ge\arn\final\game engine - 1 - application startup\game engine\debug\updown.obj
d:\digipensem1\cs 529\ge\arn\final\game engine - 1 - application startup\game engine\debug\transform.obj
d:\digipensem1\cs 529\ge\arn\final\game engine - 1 - application startup\game engine\debug\stb_image.obj
d:\digipensem1\cs 529\ge\arn\final\game engine - 1 - application startup\game engine\debug\statemanager.obj
d:\digipensem1\cs 529\ge\arn\final\game engine - 1 - application startup\game engine\debug\sprite.obj
d:\digipensem1\cs 529\ge\arn\final\game engine - 1 - application startup\game engine\debug\resourcemanager.obj
d:\digipensem1\cs 529\ge\arn\final\game engine - 1 - application startup\game engine\debug\physicmanager.obj
d:\digipensem1\cs 529\ge\arn\final\game engine - 1 - application startup\game engine\debug\objectname.obj
d:\digipensem1\cs 529\ge\arn\final\game engine - 1 - application startup\game engine\debug\objectfactory.obj
d:\digipensem1\cs 529\ge\arn\final\game engine - 1 - application startup\game engine\debug\main.obj
d:\digipensem1\cs 529\ge\arn\final\game engine - 1 - application startup\game engine\debug\inputmanager.obj
d:\digipensem1\cs 529\ge\arn\final\game engine - 1 - application startup\game engine\debug\gameobjectmanager.obj
d:\digipensem1\cs 529\ge\arn\final\game engine - 1 - application startup\game engine\debug\gameobject.obj
d:\digipensem1\cs 529\ge\arn\final\game engine - 1 - application startup\game engine\debug\frameratecontroller.obj
d:\digipensem1\cs 529\ge\arn\final\game engine - 1 - application startup\game engine\debug\eventmanager.obj
d:\digipensem1\cs 529\ge\arn\final\game engine - 1 - application startup\game engine\debug\controller.obj
d:\digipensem1\cs 529\ge\arn\final\game engine - 1 - application startup\game engine\debug\component.obj
d:\digipensem1\cs 529\ge\arn\final\game engine - 1 - application startup\game engine\debug\collisionmanager.obj
d:\digipensem1\cs 529\ge\arn\final\game engine - 1 - application startup\game engine\debug\body.obj
d:\digipensem1\cs 529\ge\arn\final\game engine - 1 - application startup\game engine\debug\vector2d.obj
d:\digipensem1\cs 529\ge\arn\final\game engine - 1 - application startup\game engine\debug\matrix2d.obj
d:\digipensem1\cs 529\ge\arn\final\game engine - 1 - application startup\game engine\debug\math2d.obj
d:\digipensem1\cs 529\ge\arn\final\game engine - 1 - application startup\game engine\debug\linesegment2d.obj
d:\digipensem1\cs 529\ge\arn\final\game engine - 1 - application startup\game engine\debug\game engine.ilk
d:\digipensem1\cs 529\ge\arn\final\game engine - 1 - application startup\game engine\debug\game engine.exe
d:\digipensem1\cs 529\ge\arn\final\game engine - 1 - application startup\game engine\debug\game engine.pdb
d:\digipensem1\cs 529\ge\arn\final\game engine - 1 - application startup\game engine\debug\game engine.tlog\cl.command.1.tlog
d:\digipensem1\cs 529\ge\arn\final\game engine - 1 - application startup\game engine\debug\game engine.tlog\cl.read.1.tlog
d:\digipensem1\cs 529\ge\arn\final\game engine - 1 - application startup\game engine\debug\game engine.tlog\cl.write.1.tlog
d:\digipensem1\cs 529\ge\arn\final\game engine - 1 - application startup\game engine\debug\game engine.tlog\link.command.1.tlog
d:\digipensem1\cs 529\ge\arn\final\game engine - 1 - application startup\game engine\debug\game engine.tlog\link.read.1.tlog
d:\digipensem1\cs 529\ge\arn\final\game engine - 1 - application startup\game engine\debug\game engine.tlog\link.write.1.tlog
